生成启动时间为 2019/11/22 14:31:54。
     1>项目“F:\程序\test_11.22\test_11.22\test_11.22.vcxproj”在节点 2 上(Build 个目标)。
     1>ClCompile:
         E:\vss\vis\VC\bin\CL.exe /c /I"E:\vss\内存泄漏检查工具\新建文件夹\Visual Leak Detector\include" /ZI /nologo /W3 /WX- /sdl /Od /Oy- /D _MBCS /Gm /EHsc /RTC1 /MDd /GS /fp:precise /Zc:wchar_t /Zc:forScope /Fo"Debug\\" /Fd"Debug\vc120.pdb" /Gd /TP /analyze- /errorReport:prompt "源.cpp"
         源.cpp
     1>f:\程序\test_11.22\test_11.22\源.cpp(11): warning C4018: “<”: 有符号/无符号不匹配
     1>f:\程序\test_11.22\test_11.22\源.cpp(21): error C2065: “tmp”: 未声明的标识符
     1>f:\程序\test_11.22\test_11.22\源.cpp(21): error C2228: “.size”的左边必须有类/结构/联合
                 类型是“unknown-type”
     1>f:\程序\test_11.22\test_11.22\源.cpp(26): warning C4018: “<”: 有符号/无符号不匹配
     1>已完成生成项目“F:\程序\test_11.22\test_11.22\test_11.22.vcxproj”(Build 个目标)的操作 - 失败。

生成失败。

已用时间 00:00:00.41
